[debug] [2023-03-17T17:49:17.157Z] ----------------------------------------------------------------------
[debug] [2023-03-17T17:49:17.172Z] Command:       C:\Program Files\nodejs\node.exe C:\Users\dilra\AppData\Roaming\npm\node_modules\firebase-tools\lib\bin\firebase.js init
[debug] [2023-03-17T17:49:17.172Z] CLI Version:   11.23.1
[debug] [2023-03-17T17:49:17.172Z] Platform:      win32
[debug] [2023-03-17T17:49:17.172Z] Node Version:  v16.18.0
[debug] [2023-03-17T17:49:17.173Z] Time:          Fri Mar 17 2023 23:19:17 GMT+0530 (India Standard Time)
[debug] [2023-03-17T17:49:17.174Z] ----------------------------------------------------------------------
[debug] 
[debug] [2023-03-17T17:49:17.182Z] > command requires scopes: ["email","openid","https://www.googleapis.com/auth/cloudplatformprojects.readonly","https://www.googleapis.com/auth/firebase","https://www.googleapis.com/auth/cloud-platform"]
[debug] [2023-03-17T17:49:17.183Z] > authorizing via signed-in user (dilraj2002saini@gmail.com)
[info] 
     ######## #### ########  ######## ########     ###     ######  ########
     ##        ##  ##     ## ##       ##     ##  ##   ##  ##       ##
     ######    ##  ########  ######   ########  #########  ######  ######
     ##        ##  ##    ##  ##       ##     ## ##     ##       ## ##
     ##       #### ##     ## ######## ########  ##     ##  ######  ########

You're about to initialize a Firebase project in this directory:

  C:\Users\dilra\Desktop\work\Projects\Netflix Clone\netflix-clone

[info] 
=== Project Setup
[info] 
[info] First, let's associate this project directory with a Firebase project.
[info] You can create multiple project aliases by running firebase use --add, 
[info] but for now we'll just set up a default project.
[info] 
[debug] [2023-03-17T17:56:10.747Z] >>> [apiv2][query] GET https://firebase.googleapis.com/v1beta1/projects pageSize=100
[debug] [2023-03-17T17:56:11.996Z] <<< [apiv2][status] GET https://firebase.googleapis.com/v1beta1/projects 200
[debug] [2023-03-17T17:56:11.996Z] <<< [apiv2][body] GET https://firebase.googleapis.com/v1beta1/projects [omitted]
[info] i  Using project netflix-clone-d7993 (netflix-clone) 
[info] 
=== Hosting Setup
[info] 
[info] Your public directory is the folder (relative to your project directory) that
[info] will contain Hosting assets to be uploaded with firebase deploy. If you
[info] have a build process for your assets, use your build's output directory.
[info] 
[debug] [2023-03-17T17:59:04.737Z] >>> [apiv2][query] GET https://www.gstatic.com/firebasejs/releases.json [none]
[debug] [2023-03-17T17:59:05.321Z] <<< [apiv2][status] GET https://www.gstatic.com/firebasejs/releases.json 200
[debug] [2023-03-17T17:59:05.321Z] <<< [apiv2][body] GET https://www.gstatic.com/firebasejs/releases.json {"current":{"version":"9.18.0","browserURL":"https://www.gstatic.com/firebasejs/9.18.0/firebase.js","packageURL":"https://www.gstatic.com/firebasejs/9.18.0/firebase.tgz"},"live":{"version":"9.18","browserURL":"https://www.gstatic.com/firebasejs/live/9.18/firebase.js","packageURL":"https://www.gstatic.com/firebasejs/live/9.18/firebase.tgz"},"components":{"analytics":"https://www.gstatic.com/firebasejs/9.18.0/firebase-analytics.js","app":"https://www.gstatic.com/firebasejs/9.18.0/firebase-app.js","app-check":"https://www.gstatic.com/firebasejs/9.18.0/firebase-app-check.js","auth":"https://www.gstatic.com/firebasejs/9.18.0/firebase-auth.js","auth/cordova":"https://www.gstatic.com/firebasejs/9.18.0/firebase-auth/cordova.js","auth/react-native":"https://www.gstatic.com/firebasejs/9.18.0/firebase-auth/react-native.js","functions":"https://www.gstatic.com/firebasejs/9.18.0/firebase-functions.js","firestore":"https://www.gstatic.com/firebasejs/9.18.0/firebase-firestore.js","firestore/lite":"https://www.gstatic.com/firebasejs/9.18.0/firebase-firestore/lite.js","installations":"https://www.gstatic.com/firebasejs/9.18.0/firebase-installations.js","storage":"https://www.gstatic.com/firebasejs/9.18.0/firebase-storage.js","performance":"https://www.gstatic.com/firebasejs/9.18.0/firebase-performance.js","remote-config":"https://www.gstatic.com/firebasejs/9.18.0/firebase-remote-config.js","messaging":"https://www.gstatic.com/firebasejs/9.18.0/firebase-messaging.js","messaging/sw":"https://www.gstatic.com/firebasejs/9.18.0/firebase-messaging/sw.js","database":"https://www.gstatic.com/firebasejs/9.18.0/firebase-database.js","firestore.memory":"https://www.gstatic.com/firebasejs/9.18.0/firebase-firestore.memory.js"}}
[info] +  Wrote build/index.html 
[info] 
[info] i  Didn't detect a .git folder. Assuming C:\Users\dilra\Desktop\work\Projects\Netflix Clone\netflix-clone is the project root. 
[info] i  Authorizing with GitHub to upload your service account to a GitHub repository's secrets store. 
[info] 
[info] Visit this URL on this device to log in:
[info] https://github.com/login/oauth/authorize?client_id=89cf50f02ac6aaed3484&state=389143201&redirect_uri=http%3A%2F%2Flocalhost%3A9005&scope=read%3Auser%20repo%20public_repo
[info] 
[info] Waiting for authentication...
[debug] [2023-03-17T17:59:34.537Z] >>> [apiv2][query] POST https://github.com/login/oauth/access_token [none]
[debug] [2023-03-17T17:59:34.537Z] >>> [apiv2][body] POST https://github.com/login/oauth/access_token [stream]
[debug] [2023-03-17T17:59:35.212Z] <<< [apiv2][status] POST https://github.com/login/oauth/access_token 200
[debug] [2023-03-17T17:59:35.212Z] <<< [apiv2][body] POST https://github.com/login/oauth/access_token {"access_token":"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","token_type":"bearer","scope":"read:user,repo"}
[debug] [2023-03-17T17:59:35.224Z] >>> [apiv2][query] GET https://api.github.com/user [none]
[debug] [2023-03-17T17:59:35.782Z] <<< [apiv2][status] GET https://api.github.com/user 200
[debug] [2023-03-17T17:59:35.782Z] <<< [apiv2][body] GET https://api.github.com/user {"login":"Dilraj-25","id":111276701,"node_id":"U_kgDOBqHynQ","avatar_url":"https://avatars.githubusercontent.com/u/111276701?v=4","gravatar_id":"","url":"https://api.github.com/users/Dilraj-25","html_url":"https://github.com/Dilraj-25","followers_url":"https://api.github.com/users/Dilraj-25/followers","following_url":"https://api.github.com/users/Dilraj-25/following{/other_user}","gists_url":"https://api.github.com/users/Dilraj-25/gists{/gist_id}","starred_url":"https://api.github.com/users/Dilraj-25/starred{/owner}{/repo}","subscriptions_url":"https://api.github.com/users/Dilraj-25/subscriptions","organizations_url":"https://api.github.com/users/Dilraj-25/orgs","repos_url":"https://api.github.com/users/Dilraj-25/repos","events_url":"https://api.github.com/users/Dilraj-25/events{/privacy}","received_events_url":"https://api.github.com/users/Dilraj-25/received_events","type":"User","site_admin":false,"name":null,"company":null,"blog":"","location":null,"email":null,"hireable":null,"bio":null,"twitter_username":null,"public_repos":0,"public_gists":0,"followers":0,"following":0,"created_at":"2022-08-15T09:12:52Z","updated_at":"2023-03-17T17:59:20Z","private_gists":0,"total_private_repos":0,"owned_private_repos":0,"disk_usage":0,"collaborators":0,"two_factor_authentication":false,"plan":{"name":"free","space":976562499,"collaborators":0,"private_repos":10000}}
[info] 
[info] +  Success! Logged into GitHub as Dilraj-25 
[info] 
[debug] [2023-03-17T18:03:15.995Z] >>> [apiv2][query] GET https://api.github.com/repos//actions/secrets/public-key type=owner
[debug] [2023-03-17T18:03:16.443Z] <<< [apiv2][status] GET https://api.github.com/repos//actions/secrets/public-key 404
[debug] [2023-03-17T18:03:16.443Z] <<< [apiv2][body] GET https://api.github.com/repos//actions/secrets/public-key {"message":"Not Found","documentation_url":"https://docs.github.com/rest"}
[debug] [2023-03-17T18:03:17.151Z] >>> [apiv2][query] GET https://api.github.com/repos//actions/secrets/public-key type=owner
[debug] [2023-03-17T18:03:27.571Z] <<< [apiv2][status] GET https://api.github.com/repos//actions/secrets/public-key 404
[debug] [2023-03-17T18:03:27.571Z] <<< [apiv2][body] GET https://api.github.com/repos//actions/secrets/public-key {"message":"Not Found","documentation_url":"https://docs.github.com/rest"}
